0 info it worked if it ends with ok
1 verbose cli [ 'C:\\Program Files\\nodejs\\node.exe',
1 verbose cli   'C:\\Program Files\\nodejs\\node_modules\\npm\\bin\\npm-cli.js',
1 verbose cli   'run',
1 verbose cli   'dev' ]
2 info using npm@3.10.10
3 info using node@v6.12.3
4 verbose run-script [ 'predev', 'dev', 'postdev' ]
5 info lifecycle server@1.0.0~predev: server@1.0.0
6 silly lifecycle server@1.0.0~predev: no script for predev, continuing
7 info lifecycle server@1.0.0~dev: server@1.0.0
8 verbose lifecycle server@1.0.0~dev: unsafe-perm in lifecycle true
9 verbose lifecycle server@1.0.0~dev: PATH: C:\ProgramData\nvm\v6.12.3\node_modules\npm\bin\node-gyp-bin;C:\Development\NlwEsport\server\node_modules\.bin;C:\tools\php;C:\Python310\Scripts\;C:\Python310\;C:\Program Files (x86)\Razer Chroma SDK\bin;C:\Program Files\Razer Chroma SDK\bin;C:\Python39\Scripts\;C:\Python39\;C:\Python27\;C:\Python27\Scripts;C:\Windows\system32;C:\Windows;C:\Windows\System32\Wbem;C:\Windows\System32\WindowsPowerShell\v1.0\;C:\Windows\System32\OpenSSH\;C:\ProgramData\chocolatey\bin;C:\Program Files\Microsoft VS Code\bin;C:\Program Files\Java\jdk1.8.0_211\bin;C:\ProgramData\nvm;C:\Program Files\nodejs;C:\Program Files\dotnet\;C:\Program Files (x86)\dotnet\;C:\ProgramData\UNIVALI\Portugol Studio;C:\Program Files (x86)\Razer\ChromaBroadcast\bin;C:\Program Files\Razer\ChromaBroadcast\bin;C:\Windows\system32\config\systemprofile\AppData\Local\Microsoft\WindowsApps;C:\ProgramData\ComposerSetup\bin;C:\Program Files (x86)\Microsoft SQL Server\150\DTS\Binn\;C:\Program Files\Azure Data Studio\bin;C:\ProgramData\nvm;C:\Program Files\nodejs;C:\tools\php;C:\ProgramDat;C:\Program Files\Git\cmd;C:\tools\php81;C:\Program Files (x86)\Yarn\bin\;C:\Program Files\nodejs\;%NVM_HOME%;%NVM_SYMLINK%;C:\tools\php;C:\ProgramData\pvm;C:\Program Files\WinRAR;C:\Program Files (x86)\Microsoft\Edge\Application;C:\Python310\Scripts\;C:\Python310\;C:\Program Files (x86)\Razer Chroma SDK\bin;C:\Program Files\Razer Chroma SDK\bin;C:\Python39\Scripts\;C:\Python39\;C:\Python27\;C:\Python27\Scripts;C:\Windows\system32;C:\Windows;C:\Windows\System32\Wbem;C:\Windows\System32\WindowsPowerShell\v1.0\;C:\Windows\System32\OpenSSH\;C:\ProgramData\chocolatey\bin;C:\Program Files\Git\cmd;C:\Program Files\Microsoft VS Code\bin;C:\Program Files (x86)\Yarn\bin\;C:\Program Files\Java\jdk1.8.0_211\bin;C:\ProgramData\nvm;C:\Program Files\nodejs;C:\Program Files\dotnet\;C:\Program Files (x86)\dotnet\;C:\tools\php74;C:\ProgramData\UNIVALI\Portugol Studio;C:\Program Files (x86)\Razer\ChromaBroadcast\bin;C:\Program Files\Razer\ChromaBroadcast\bin;C:\Windows\system32\config\systemprofile\AppData\Local\Microsoft\WindowsApps;C:\ProgramData\ComposerSetup\bin;C:\Program Files (x86)\Microsoft SQL Server\150\DTS\Binn\;C:\Program Files\Azure Da;C:\Users\will\AppData\Local\Programs\Microsoft VS Code\bin;C:\Users\will\AppData\Local\Yarn\bin;C:\Users\will\AppData\Roaming\npm;C:\ProgramData\nvm;C:\Program Files\nodejs;C:\Development\NlwEsport\server\node_modules\.bin
10 verbose lifecycle server@1.0.0~dev: CWD: C:\Development\NlwEsport\server
11 silly lifecycle server@1.0.0~dev: Args: [ '/d /s /c', 'tsnd --exit-child src/server.ts' ]
12 silly lifecycle server@1.0.0~dev: Returned: code: 1  signal: null
13 info lifecycle server@1.0.0~dev: Failed to exec dev script
14 verbose stack Error: server@1.0.0 dev: `tsnd --exit-child src/server.ts`
14 verbose stack Exit status 1
14 verbose stack     at EventEmitter.<anonymous> (C:\ProgramData\nvm\v6.12.3\node_modules\npm\lib\utils\lifecycle.js:255:16)
14 verbose stack     at emitTwo (events.js:106:13)
14 verbose stack     at EventEmitter.emit (events.js:191:7)
14 verbose stack     at ChildProcess.<anonymous> (C:\ProgramData\nvm\v6.12.3\node_modules\npm\lib\utils\spawn.js:40:14)
14 verbose stack     at emitTwo (events.js:106:13)
14 verbose stack     at ChildProcess.emit (events.js:191:7)
14 verbose stack     at maybeClose (internal/child_process.js:920:16)
14 verbose stack     at Process.ChildProcess._handle.onexit (internal/child_process.js:230:5)
15 verbose pkgid server@1.0.0
16 verbose cwd C:\Development\NlwEsport\server
17 error Windows_NT 10.0.19044
18 error argv "C:\\Program Files\\nodejs\\node.exe" "C:\\Program Files\\nodejs\\node_modules\\npm\\bin\\npm-cli.js" "run" "dev"
19 error node v6.12.3
20 error npm  v3.10.10
21 error code ELIFECYCLE
22 error server@1.0.0 dev: `tsnd --exit-child src/server.ts`
22 error Exit status 1
23 error Failed at the server@1.0.0 dev script 'tsnd --exit-child src/server.ts'.
23 error Make sure you have the latest version of node.js and npm installed.
23 error If you do, this is most likely a problem with the server package,
23 error not with npm itself.
23 error Tell the author that this fails on your system:
23 error     tsnd --exit-child src/server.ts
23 error You can get information on how to open an issue for this project with:
23 error     npm bugs server
23 error Or if that isn't available, you can get their info via:
23 error     npm owner ls server
23 error There is likely additional logging output above.
24 verbose exit [ 1, true ]
